<?xml version="1.0" encoding="UTF-8"?>
<testsuites name="jest tests" tests="5" failures="0" time="5.202">
  <testsuite name="Rich Text Editor" errors="0" failures="0" skipped="0" timestamp="2019-11-24T19:09:50" time="4.262" tests="5">
    <testcase classname="Rich Text Editor RichTextEditor component should render" name="Rich Text Editor RichTextEditor component should render" time="0.045">
    </testcase>
    <testcase classname="Rich Text Editor should Match the snapshot" name="Rich Text Editor should Match the snapshot" time="0.007">
    </testcase>
    <testcase classname="Rich Text Editor should Exist" name="Rich Text Editor should Exist" time="0.003">
    </testcase>
    <testcase classname="Rich Text Editor should render with a label and langId" name="Rich Text Editor should render with a label and langId" time="0.003">
    </testcase>
    <testcase classname="Rich Text Editor should find the toolbar on click" name="Rich Text Editor should find the toolbar on click" time="0.003">
    </testcase>
  </testsuite>
</testsuites>